<?xml version="1.0" encoding="UTF-8"?>
<!-- Generated by org.testng.reporters.JUnitReportReporter -->
<testsuite hostname="SBWL-NKANAMADI" failures="0" tests="2" name="appiumTest.QATechTest" time="29.489" errors="0" timestamp="29 Oct 2021 08:06:43 GMT" skipped="0">
  <testcase classname="appiumTest.QATechTest" name="IncrementCounterFromZero" time="26.202"/>
  <testcase classname="appiumTest.QATechTest" name="IncrementCounterInBetween" time="3.287"/>
</testsuite> <!-- appiumTest.QATechTest -->
