<?xml version="1.0" encoding="UTF-8"?>
<!-- Generated by org.testng.reporters.JUnitReportReporter -->
<testsuite hostname="SBWL-NKANAMADI" failures="0" tests="1" name="appiumTest.QATechTest" time="21.875" errors="0" timestamp="29 Oct 2021 06:21:49 GMT" skipped="0">
  <testcase classname="appiumTest.QATechTest" name="ValidateCounter" time="21.875"/>
</testsuite> <!-- appiumTest.QATechTest -->
