<?xml version="1.0" encoding="UTF-8"?>
<!-- Generated by org.testng.reporters.JUnitReportReporter -->
<testsuite skipped="0" hostname="SBWL-NKANAMADI" name="appiumTest.QATechTest" tests="1" failures="0" timestamp="29 Oct 2021 06:19:11 GMT" time="16.907" errors="0">
  <testcase name="ValidateCounter" time="16.907" classname="appiumTest.QATechTest"/>
</testsuite> <!-- appiumTest.QATechTest -->
